2025-04-26 10:54:24.763 [main] INFO 
				c.project.datasource.DbInitializer.init(49) - QUERY 1:
CREATE TABLE IF NOT EXISTS projekt(
 projekt_id SERIAL, --SERIAL lub INTEGER GENERATED BY DEFAULT AS IDENTITY(START WITH 1, INCREMENT BY 1)
 nazwa VARCHAR(50) NOT NULL,
 opis VARCHAR(1000),
 dataczas_utworzenia TIMESTAMP DEFAULT now(),
 data_oddania DATE,
 CONSTRAINT projekt_pk PRIMARY KEY (projekt_id)
);
CREATE TABLE IF NOT EXISTS zadanie(
 zadanie_id SERIAL, --SERIAL lub INTEGER GENERATED BY DEFAULT AS IDENTITY(START WITH 1, INCREMENT BY 1)
 nazwa VARCHAR(50) NOT NULL,
 opis VARCHAR(1000),
 kolejnosc INTEGER,
 dataczas_utworzenia TIMESTAMP DEFAULT now(),
 projekt_id INTEGER NOT NULL,
 CONSTRAINT zadanie_pk PRIMARY KEY (zadanie_id)
);

2025-04-26 10:54:24.782 [main] INFO 
				c.project.datasource.DbInitializer.init(49) - QUERY 2:
CREATE INDEX IF NOT EXISTS projekt_nazwa_idx ON projekt(nazwa);
CREATE INDEX IF NOT EXISTS zadanie_nazwa_idx ON zadanie(nazwa);
ALTER TABLE zadanie ADD CONSTRAINT IF NOT EXISTS zadanie_projekt_fk FOREIGN KEY (projekt_id) REFERENCES projekt (projekt_id) ON DELETE CASCADE;
ALTER TABLE zadanie ADD CONSTRAINT IF NOT EXISTS unique_kolejnosc UNIQUE (kolejnosc, projekt_id);

2025-04-26 10:54:25.248 [JavaFX Application Thread] INFO 
				c.p.controller.ProjectController.initialize(156) - Inicjalizacja: pageNo: 0, pageSize: 10
2025-04-26 10:54:25.250 [pool-3-thread-1] INFO 
				c.p.controller.ProjectController.loadPage(220) - Ładowanie strony: search4: , pageNo: 0, pageSize: 10, offset: 0
2025-04-26 10:54:25.261 [pool-3-thread-1] INFO 
				c.p.controller.ProjectController.loadPage(236) - Wczytano wszystkie: 3 rekordów
2025-04-26 10:54:25.863 [JavaFX Application Thread] INFO 
				c.p.controller.ProjectController.lambda$loadPage$11(239) - Platform.runLater: Aktualizacja tabeli, rekordów: 3
2025-04-26 10:54:25.871 [JavaFX Application Thread] INFO 
				c.p.controller.ProjectController.updatePaginationButtons(264) - Aktualizacja przycisków: totalRows: 3, totalPages: 1, pageNo: 0, btnDalej: true, btnWstecz: true, lblPageInfo: Strona 1 z 1
2025-04-26 10:54:25.872 [JavaFX Application Thread] INFO 
				c.p.controller.ProjectController.lambda$loadPage$11(243) - Załadowano do tabeli: 3 rekordów na stronie 0
2025-04-26 10:54:48.595 [JavaFX Application Thread] INFO 
				c.p.controller.ProjectController.loadPage(220) - Ładowanie strony: search4: , pageNo: 0, pageSize: 10, offset: 0
2025-04-26 10:54:48.598 [JavaFX Application Thread] INFO 
				c.p.controller.ProjectController.loadPage(236) - Wczytano wszystkie: 3 rekordów
2025-04-26 10:54:48.599 [JavaFX Application Thread] INFO 
				c.p.controller.ProjectController.lambda$loadPage$11(239) - Platform.runLater: Aktualizacja tabeli, rekordów: 3
2025-04-26 10:54:48.601 [JavaFX Application Thread] INFO 
				c.p.controller.ProjectController.updatePaginationButtons(264) - Aktualizacja przycisków: totalRows: 3, totalPages: 1, pageNo: 0, btnDalej: true, btnWstecz: true, lblPageInfo: Strona 1 z 1
2025-04-26 10:54:48.601 [JavaFX Application Thread] INFO 
				c.p.controller.ProjectController.lambda$loadPage$11(243) - Załadowano do tabeli: 3 rekordów na stronie 0
2025-04-26 10:54:51.301 [JavaFX Application Thread] INFO 
				c.p.controller.ProjectController.onActionBtnSzukaj(164) - Wyszukiwanie: search4: , pageNo: 0
2025-04-26 10:54:51.302 [pool-3-thread-1] INFO 
				c.p.controller.ProjectController.loadPage(220) - Ładowanie strony: search4: , pageNo: 0, pageSize: 10, offset: 0
2025-04-26 10:54:51.304 [pool-3-thread-1] INFO 
				c.p.controller.ProjectController.loadPage(236) - Wczytano wszystkie: 3 rekordów
2025-04-26 10:54:51.305 [JavaFX Application Thread] INFO 
				c.p.controller.ProjectController.lambda$loadPage$11(239) - Platform.runLater: Aktualizacja tabeli, rekordów: 3
2025-04-26 10:54:51.306 [JavaFX Application Thread] INFO 
				c.p.controller.ProjectController.updatePaginationButtons(264) - Aktualizacja przycisków: totalRows: 3, totalPages: 1, pageNo: 0, btnDalej: true, btnWstecz: true, lblPageInfo: Strona 1 z 1
2025-04-26 10:54:51.306 [JavaFX Application Thread] INFO 
				c.p.controller.ProjectController.lambda$loadPage$11(243) - Załadowano do tabeli: 3 rekordów na stronie 0
2025-04-26 10:54:51.792 [JavaFX Application Thread] INFO 
				c.p.controller.ProjectController.onActionBtnSzukaj(164) - Wyszukiwanie: search4: , pageNo: 0
2025-04-26 10:54:51.793 [pool-3-thread-2] INFO 
				c.p.controller.ProjectController.loadPage(220) - Ładowanie strony: search4: , pageNo: 0, pageSize: 10, offset: 0
2025-04-26 10:54:51.795 [pool-3-thread-2] INFO 
				c.p.controller.ProjectController.loadPage(236) - Wczytano wszystkie: 3 rekordów
2025-04-26 10:54:51.795 [JavaFX Application Thread] INFO 
				c.p.controller.ProjectController.lambda$loadPage$11(239) - Platform.runLater: Aktualizacja tabeli, rekordów: 3
2025-04-26 10:54:51.796 [JavaFX Application Thread] INFO 
				c.p.controller.ProjectController.updatePaginationButtons(264) - Aktualizacja przycisków: totalRows: 3, totalPages: 1, pageNo: 0, btnDalej: true, btnWstecz: true, lblPageInfo: Strona 1 z 1
2025-04-26 10:54:51.796 [JavaFX Application Thread] INFO 
				c.p.controller.ProjectController.lambda$loadPage$11(243) - Załadowano do tabeli: 3 rekordów na stronie 0
2025-04-26 10:56:37.100 [JavaFX Application Thread] INFO 
				c.p.controller.ProjectController.loadPage(220) - Ładowanie strony: search4: , pageNo: 0, pageSize: 10, offset: 0
2025-04-26 10:56:37.101 [JavaFX Application Thread] INFO 
				c.p.controller.ProjectController.loadPage(236) - Wczytano wszystkie: 3 rekordów
2025-04-26 10:56:37.102 [JavaFX Application Thread] INFO 
				c.p.controller.ProjectController.lambda$loadPage$11(239) - Platform.runLater: Aktualizacja tabeli, rekordów: 3
2025-04-26 10:56:37.104 [JavaFX Application Thread] INFO 
				c.p.controller.ProjectController.updatePaginationButtons(264) - Aktualizacja przycisków: totalRows: 3, totalPages: 1, pageNo: 0, btnDalej: true, btnWstecz: true, lblPageInfo: Strona 1 z 1
2025-04-26 10:56:37.104 [JavaFX Application Thread] INFO 
				c.p.controller.ProjectController.lambda$loadPage$11(243) - Załadowano do tabeli: 3 rekordów na stronie 0
2025-04-26 10:56:40.134 [JavaFX Application Thread] INFO 
				c.p.controller.ProjectController.loadPage(220) - Ładowanie strony: search4: , pageNo: 0, pageSize: 10, offset: 0
2025-04-26 10:56:40.135 [JavaFX Application Thread] INFO 
				c.p.controller.ProjectController.loadPage(236) - Wczytano wszystkie: 3 rekordów
2025-04-26 10:56:40.136 [JavaFX Application Thread] INFO 
				c.p.controller.ProjectController.lambda$loadPage$11(239) - Platform.runLater: Aktualizacja tabeli, rekordów: 3
2025-04-26 10:56:40.137 [JavaFX Application Thread] INFO 
				c.p.controller.ProjectController.updatePaginationButtons(264) - Aktualizacja przycisków: totalRows: 3, totalPages: 1, pageNo: 0, btnDalej: true, btnWstecz: true, lblPageInfo: Strona 1 z 1
2025-04-26 10:56:40.137 [JavaFX Application Thread] INFO 
				c.p.controller.ProjectController.lambda$loadPage$11(243) - Załadowano do tabeli: 3 rekordów na stronie 0
2025-04-26 10:56:42.564 [JavaFX Application Thread] INFO 
				c.p.controller.ProjectController.loadPage(220) - Ładowanie strony: search4: , pageNo: 0, pageSize: 10, offset: 0
2025-04-26 10:56:42.566 [JavaFX Application Thread] INFO 
				c.p.controller.ProjectController.loadPage(236) - Wczytano wszystkie: 3 rekordów
2025-04-26 10:56:42.568 [JavaFX Application Thread] INFO 
				c.p.controller.ProjectController.lambda$loadPage$11(239) - Platform.runLater: Aktualizacja tabeli, rekordów: 3
2025-04-26 10:56:42.569 [JavaFX Application Thread] INFO 
				c.p.controller.ProjectController.updatePaginationButtons(264) - Aktualizacja przycisków: totalRows: 3, totalPages: 1, pageNo: 0, btnDalej: true, btnWstecz: true, lblPageInfo: Strona 1 z 1
2025-04-26 10:56:42.569 [JavaFX Application Thread] INFO 
				c.p.controller.ProjectController.lambda$loadPage$11(243) - Załadowano do tabeli: 3 rekordów na stronie 0
2025-04-26 10:56:53.528 [JavaFX Application Thread] INFO 
				c.p.controller.ProjectController.loadPage(220) - Ładowanie strony: search4: , pageNo: 0, pageSize: 10, offset: 0
2025-04-26 10:56:53.530 [JavaFX Application Thread] INFO 
				c.p.controller.ProjectController.loadPage(236) - Wczytano wszystkie: 4 rekordów
2025-04-26 10:56:53.531 [JavaFX Application Thread] INFO 
				c.p.controller.ProjectController.lambda$loadPage$11(239) - Platform.runLater: Aktualizacja tabeli, rekordów: 4
2025-04-26 10:56:53.533 [JavaFX Application Thread] INFO 
				c.p.controller.ProjectController.updatePaginationButtons(264) - Aktualizacja przycisków: totalRows: 4, totalPages: 1, pageNo: 0, btnDalej: true, btnWstecz: true, lblPageInfo: Strona 1 z 1
2025-04-26 10:56:53.534 [JavaFX Application Thread] INFO 
				c.p.controller.ProjectController.lambda$loadPage$11(243) - Załadowano do tabeli: 4 rekordów na stronie 0
2025-04-26 10:57:06.219 [JavaFX Application Thread] INFO 
				c.p.controller.ProjectController.onActionBtnSzukaj(164) - Wyszukiwanie: search4: , pageNo: 0
2025-04-26 10:57:06.219 [pool-3-thread-1] INFO 
				c.p.controller.ProjectController.loadPage(220) - Ładowanie strony: search4: , pageNo: 0, pageSize: 10, offset: 0
2025-04-26 10:57:06.221 [pool-3-thread-1] INFO 
				c.p.controller.ProjectController.loadPage(236) - Wczytano wszystkie: 4 rekordów
2025-04-26 10:57:06.221 [JavaFX Application Thread] INFO 
				c.p.controller.ProjectController.lambda$loadPage$11(239) - Platform.runLater: Aktualizacja tabeli, rekordów: 4
2025-04-26 10:57:06.222 [JavaFX Application Thread] INFO 
				c.p.controller.ProjectController.updatePaginationButtons(264) - Aktualizacja przycisków: totalRows: 4, totalPages: 1, pageNo: 0, btnDalej: true, btnWstecz: true, lblPageInfo: Strona 1 z 1
2025-04-26 10:57:06.222 [JavaFX Application Thread] INFO 
				c.p.controller.ProjectController.lambda$loadPage$11(243) - Załadowano do tabeli: 4 rekordów na stronie 0
2025-04-26 10:57:07.482 [JavaFX Application Thread] INFO 
				c.p.controller.ProjectController.onActionBtnSzukaj(164) - Wyszukiwanie: search4: 2, pageNo: 0
2025-04-26 10:57:07.482 [pool-3-thread-2] INFO 
				c.p.controller.ProjectController.loadPage(220) - Ładowanie strony: search4: 2, pageNo: 0, pageSize: 10, offset: 0
2025-04-26 10:57:07.483 [pool-3-thread-2] INFO 
				c.p.controller.ProjectController.loadPage(226) - Wyszukano po ID: 2
2025-04-26 10:57:07.483 [JavaFX Application Thread] INFO 
				c.p.controller.ProjectController.lambda$loadPage$11(239) - Platform.runLater: Aktualizacja tabeli, rekordów: 1
2025-04-26 10:57:07.486 [JavaFX Application Thread] INFO 
				c.p.controller.ProjectController.updatePaginationButtons(264) - Aktualizacja przycisków: totalRows: 1, totalPages: 1, pageNo: 0, btnDalej: true, btnWstecz: true, lblPageInfo: Strona 1 z 1
2025-04-26 10:57:07.487 [JavaFX Application Thread] INFO 
				c.p.controller.ProjectController.lambda$loadPage$11(243) - Załadowano do tabeli: 1 rekordów na stronie 0
2025-04-26 10:57:09.770 [JavaFX Application Thread] INFO 
				c.p.controller.ProjectController.loadPage(220) - Ładowanie strony: search4: 2, pageNo: 0, pageSize: 10, offset: 0
2025-04-26 10:57:09.772 [JavaFX Application Thread] INFO 
				c.p.controller.ProjectController.loadPage(226) - Wyszukano po ID: 2
2025-04-26 10:57:09.774 [JavaFX Application Thread] INFO 
				c.p.controller.ProjectController.lambda$loadPage$11(239) - Platform.runLater: Aktualizacja tabeli, rekordów: 1
2025-04-26 10:57:09.776 [JavaFX Application Thread] INFO 
				c.p.controller.ProjectController.updatePaginationButtons(264) - Aktualizacja przycisków: totalRows: 1, totalPages: 1, pageNo: 0, btnDalej: true, btnWstecz: true, lblPageInfo: Strona 1 z 1
2025-04-26 10:57:09.776 [JavaFX Application Thread] INFO 
				c.p.controller.ProjectController.lambda$loadPage$11(243) - Załadowano do tabeli: 1 rekordów na stronie 0
2025-04-26 10:58:25.354 [main] INFO 
				c.project.datasource.DbInitializer.init(49) - QUERY 1:
CREATE TABLE IF NOT EXISTS projekt(
 projekt_id SERIAL, --SERIAL lub INTEGER GENERATED BY DEFAULT AS IDENTITY(START WITH 1, INCREMENT BY 1)
 nazwa VARCHAR(50) NOT NULL,
 opis VARCHAR(1000),
 dataczas_utworzenia TIMESTAMP DEFAULT now(),
 data_oddania DATE,
 CONSTRAINT projekt_pk PRIMARY KEY (projekt_id)
);
CREATE TABLE IF NOT EXISTS zadanie(
 zadanie_id SERIAL, --SERIAL lub INTEGER GENERATED BY DEFAULT AS IDENTITY(START WITH 1, INCREMENT BY 1)
 nazwa VARCHAR(50) NOT NULL,
 opis VARCHAR(1000),
 kolejnosc INTEGER,
 dataczas_utworzenia TIMESTAMP DEFAULT now(),
 projekt_id INTEGER NOT NULL,
 CONSTRAINT zadanie_pk PRIMARY KEY (zadanie_id)
);

2025-04-26 10:58:25.365 [main] INFO 
				c.project.datasource.DbInitializer.init(49) - QUERY 2:
CREATE INDEX IF NOT EXISTS projekt_nazwa_idx ON projekt(nazwa);
CREATE INDEX IF NOT EXISTS zadanie_nazwa_idx ON zadanie(nazwa);
ALTER TABLE zadanie ADD CONSTRAINT IF NOT EXISTS zadanie_projekt_fk FOREIGN KEY (projekt_id) REFERENCES projekt (projekt_id) ON DELETE CASCADE;
ALTER TABLE zadanie ADD CONSTRAINT IF NOT EXISTS unique_kolejnosc UNIQUE (kolejnosc, projekt_id);

2025-04-26 10:58:25.758 [JavaFX Application Thread] INFO 
				c.p.controller.ProjectController.initialize(156) - Inicjalizacja: pageNo: 0, pageSize: 10
2025-04-26 10:58:25.761 [pool-2-thread-1] INFO 
				c.p.controller.ProjectController.loadPage(220) - Ładowanie strony: search4: , pageNo: 0, pageSize: 10, offset: 0
2025-04-26 10:58:25.771 [pool-2-thread-1] INFO 
				c.p.controller.ProjectController.loadPage(236) - Wczytano wszystkie: 4 rekordów
2025-04-26 10:58:26.246 [JavaFX Application Thread] INFO 
				c.p.controller.ProjectController.lambda$loadPage$11(239) - Platform.runLater: Aktualizacja tabeli, rekordów: 4
2025-04-26 10:58:26.256 [JavaFX Application Thread] INFO 
				c.p.controller.ProjectController.updatePaginationButtons(264) - Aktualizacja przycisków: totalRows: 4, totalPages: 1, pageNo: 0, btnDalej: true, btnWstecz: true, lblPageInfo: Strona 1 z 1
2025-04-26 10:58:26.256 [JavaFX Application Thread] INFO 
				c.p.controller.ProjectController.lambda$loadPage$11(243) - Załadowano do tabeli: 4 rekordów na stronie 0
2025-04-26 10:58:29.058 [pool-2-thread-2] ERROR
				c.p.controller.ProjectController.lambda$usunProjekt$20(378) - Błąd podczas usuwania projektu!
java.lang.RuntimeException: java.sql.SQLSyntaxErrorException: unexpected token : TABLE required: FROM in statement [DELETE TABLE WHERE projekt_id = ?]
	at project.jfx.client/com.project.dao.ProjektDAOImpl.deleteProjekt(ProjektDAOImpl.java:79)
	at project.jfx.client/com.project.controller.ProjectController.lambda$usunProjekt$20(ProjectController.java:372)
	at java.base/java.util.concurrent.ThreadPoolExecutor.runWorker(ThreadPoolExecutor.java:1144)
	at java.base/java.util.concurrent.ThreadPoolExecutor$Worker.run(ThreadPoolExecutor.java:642)
	at java.base/java.lang.Thread.run(Thread.java:1583)
Caused by: java.sql.SQLSyntaxErrorException: unexpected token : TABLE required: FROM in statement [DELETE TABLE WHERE projekt_id = ?]
	at org.hsqldb/org.hsqldb.jdbc.JDBCUtil.sqlException(Unknown Source)
	at org.hsqldb/org.hsqldb.jdbc.JDBCUtil.sqlException(Unknown Source)
	at org.hsqldb/org.hsqldb.jdbc.JDBCPreparedStatement.<init>(Unknown Source)
	at org.hsqldb/org.hsqldb.jdbc.JDBCConnection.prepareStatement(Unknown Source)
	at com.zaxxer.hikari@6.2.1/com.zaxxer.hikari.pool.ProxyConnection.prepareStatement(ProxyConnection.java:328)
	at com.zaxxer.hikari@6.2.1/com.zaxxer.hikari.pool.HikariProxyConnection.prepareStatement(HikariProxyConnection.java)
	at project.jfx.client/com.project.dao.ProjektDAOImpl.deleteProjekt(ProjektDAOImpl.java:76)
	... 4 common frames omitted
Caused by: org.hsqldb.HsqlException: unexpected token : TABLE required: FROM
	at org.hsqldb/org.hsqldb.error.Error.parseError(Unknown Source)
	at org.hsqldb/org.hsqldb.ParserBase.unexpectedTokenRequire(Unknown Source)
	at org.hsqldb/org.hsqldb.ParserBase.readThis(Unknown Source)
	at org.hsqldb/org.hsqldb.ParserDML.compileDeleteStatement(Unknown Source)
	at org.hsqldb/org.hsqldb.ParserCommand.compilePart(Unknown Source)
	at org.hsqldb/org.hsqldb.ParserCommand.compileStatement(Unknown Source)
	at org.hsqldb/org.hsqldb.Session.compileStatement(Unknown Source)
	at org.hsqldb/org.hsqldb.StatementManager.compile(Unknown Source)
	at org.hsqldb/org.hsqldb.Session.execute(Unknown Source)
	... 9 common frames omitted
2025-04-26 11:00:38.247 [main] INFO 
				c.project.datasource.DbInitializer.init(49) - QUERY 1:
CREATE TABLE IF NOT EXISTS projekt(
 projekt_id SERIAL, --SERIAL lub INTEGER GENERATED BY DEFAULT AS IDENTITY(START WITH 1, INCREMENT BY 1)
 nazwa VARCHAR(50) NOT NULL,
 opis VARCHAR(1000),
 dataczas_utworzenia TIMESTAMP DEFAULT now(),
 data_oddania DATE,
 CONSTRAINT projekt_pk PRIMARY KEY (projekt_id)
);
CREATE TABLE IF NOT EXISTS zadanie(
 zadanie_id SERIAL, --SERIAL lub INTEGER GENERATED BY DEFAULT AS IDENTITY(START WITH 1, INCREMENT BY 1)
 nazwa VARCHAR(50) NOT NULL,
 opis VARCHAR(1000),
 kolejnosc INTEGER,
 dataczas_utworzenia TIMESTAMP DEFAULT now(),
 projekt_id INTEGER NOT NULL,
 CONSTRAINT zadanie_pk PRIMARY KEY (zadanie_id)
);

2025-04-26 11:00:38.258 [main] INFO 
				c.project.datasource.DbInitializer.init(49) - QUERY 2:
CREATE INDEX IF NOT EXISTS projekt_nazwa_idx ON projekt(nazwa);
CREATE INDEX IF NOT EXISTS zadanie_nazwa_idx ON zadanie(nazwa);
ALTER TABLE zadanie ADD CONSTRAINT IF NOT EXISTS zadanie_projekt_fk FOREIGN KEY (projekt_id) REFERENCES projekt (projekt_id) ON DELETE CASCADE;
ALTER TABLE zadanie ADD CONSTRAINT IF NOT EXISTS unique_kolejnosc UNIQUE (kolejnosc, projekt_id);

2025-04-26 11:00:38.650 [JavaFX Application Thread] INFO 
				c.p.controller.ProjectController.initialize(156) - Inicjalizacja: pageNo: 0, pageSize: 10
2025-04-26 11:00:38.653 [pool-2-thread-1] INFO 
				c.p.controller.ProjectController.loadPage(220) - Ładowanie strony: search4: , pageNo: 0, pageSize: 10, offset: 0
2025-04-26 11:00:38.664 [pool-2-thread-1] INFO 
				c.p.controller.ProjectController.loadPage(236) - Wczytano wszystkie: 4 rekordów
2025-04-26 11:00:39.151 [JavaFX Application Thread] INFO 
				c.p.controller.ProjectController.lambda$loadPage$11(239) - Platform.runLater: Aktualizacja tabeli, rekordów: 4
2025-04-26 11:00:39.158 [JavaFX Application Thread] INFO 
				c.p.controller.ProjectController.updatePaginationButtons(264) - Aktualizacja przycisków: totalRows: 4, totalPages: 1, pageNo: 0, btnDalej: true, btnWstecz: true, lblPageInfo: Strona 1 z 1
2025-04-26 11:00:39.159 [JavaFX Application Thread] INFO 
				c.p.controller.ProjectController.lambda$loadPage$11(243) - Załadowano do tabeli: 4 rekordów na stronie 0
2025-04-26 11:00:41.639 [JavaFX Application Thread] INFO 
				c.p.controller.ProjectController.loadPage(220) - Ładowanie strony: search4: , pageNo: 0, pageSize: 10, offset: 0
2025-04-26 11:00:41.641 [JavaFX Application Thread] INFO 
				c.p.controller.ProjectController.loadPage(236) - Wczytano wszystkie: 4 rekordów
2025-04-26 11:00:41.647 [JavaFX Application Thread] INFO 
				c.p.controller.ProjectController.lambda$loadPage$11(239) - Platform.runLater: Aktualizacja tabeli, rekordów: 4
2025-04-26 11:00:41.648 [JavaFX Application Thread] INFO 
				c.p.controller.ProjectController.updatePaginationButtons(264) - Aktualizacja przycisków: totalRows: 4, totalPages: 1, pageNo: 0, btnDalej: true, btnWstecz: true, lblPageInfo: Strona 1 z 1
2025-04-26 11:00:41.650 [JavaFX Application Thread] INFO 
				c.p.controller.ProjectController.lambda$loadPage$11(243) - Załadowano do tabeli: 4 rekordów na stronie 0
2025-04-26 11:00:45.712 [JavaFX Application Thread] INFO 
				c.p.controller.ProjectController.loadPage(220) - Ładowanie strony: search4: , pageNo: 0, pageSize: 10, offset: 0
2025-04-26 11:00:45.714 [JavaFX Application Thread] INFO 
				c.p.controller.ProjectController.loadPage(236) - Wczytano wszystkie: 4 rekordów
2025-04-26 11:00:45.715 [JavaFX Application Thread] INFO 
				c.p.controller.ProjectController.lambda$loadPage$11(239) - Platform.runLater: Aktualizacja tabeli, rekordów: 4
2025-04-26 11:00:45.717 [JavaFX Application Thread] INFO 
				c.p.controller.ProjectController.updatePaginationButtons(264) - Aktualizacja przycisków: totalRows: 4, totalPages: 1, pageNo: 0, btnDalej: true, btnWstecz: true, lblPageInfo: Strona 1 z 1
2025-04-26 11:00:45.717 [JavaFX Application Thread] INFO 
				c.p.controller.ProjectController.lambda$loadPage$11(243) - Załadowano do tabeli: 4 rekordów na stronie 0
2025-04-26 11:00:47.999 [JavaFX Application Thread] INFO 
				c.p.controller.ProjectController.loadPage(220) - Ładowanie strony: search4: , pageNo: 0, pageSize: 10, offset: 0
2025-04-26 11:00:48.002 [JavaFX Application Thread] INFO 
				c.p.controller.ProjectController.loadPage(236) - Wczytano wszystkie: 4 rekordów
2025-04-26 11:00:48.004 [JavaFX Application Thread] INFO 
				c.p.controller.ProjectController.lambda$loadPage$11(239) - Platform.runLater: Aktualizacja tabeli, rekordów: 4
2025-04-26 11:00:48.005 [JavaFX Application Thread] INFO 
				c.p.controller.ProjectController.updatePaginationButtons(264) - Aktualizacja przycisków: totalRows: 4, totalPages: 1, pageNo: 0, btnDalej: true, btnWstecz: true, lblPageInfo: Strona 1 z 1
2025-04-26 11:00:48.006 [JavaFX Application Thread] INFO 
				c.p.controller.ProjectController.lambda$loadPage$11(243) - Załadowano do tabeli: 4 rekordów na stronie 0
2025-04-26 11:00:51.429 [JavaFX Application Thread] INFO 
				c.p.controller.ProjectController.loadPage(220) - Ładowanie strony: search4: , pageNo: 0, pageSize: 10, offset: 0
2025-04-26 11:00:51.433 [JavaFX Application Thread] INFO 
				c.p.controller.ProjectController.loadPage(236) - Wczytano wszystkie: 4 rekordów
2025-04-26 11:00:51.433 [JavaFX Application Thread] INFO 
				c.p.controller.ProjectController.lambda$loadPage$11(239) - Platform.runLater: Aktualizacja tabeli, rekordów: 4
2025-04-26 11:00:51.434 [JavaFX Application Thread] INFO 
				c.p.controller.ProjectController.updatePaginationButtons(264) - Aktualizacja przycisków: totalRows: 4, totalPages: 1, pageNo: 0, btnDalej: true, btnWstecz: true, lblPageInfo: Strona 1 z 1
2025-04-26 11:00:51.435 [JavaFX Application Thread] INFO 
				c.p.controller.ProjectController.lambda$loadPage$11(243) - Załadowano do tabeli: 4 rekordów na stronie 0
2025-04-26 11:00:54.308 [JavaFX Application Thread] INFO 
				c.p.controller.ProjectController.loadPage(220) - Ładowanie strony: search4: , pageNo: 0, pageSize: 10, offset: 0
2025-04-26 11:00:54.309 [JavaFX Application Thread] INFO 
				c.p.controller.ProjectController.loadPage(236) - Wczytano wszystkie: 4 rekordów
2025-04-26 11:00:54.310 [JavaFX Application Thread] INFO 
				c.p.controller.ProjectController.lambda$loadPage$11(239) - Platform.runLater: Aktualizacja tabeli, rekordów: 4
2025-04-26 11:00:54.312 [JavaFX Application Thread] INFO 
				c.p.controller.ProjectController.updatePaginationButtons(264) - Aktualizacja przycisków: totalRows: 4, totalPages: 1, pageNo: 0, btnDalej: true, btnWstecz: true, lblPageInfo: Strona 1 z 1
2025-04-26 11:00:54.313 [JavaFX Application Thread] INFO 
				c.p.controller.ProjectController.lambda$loadPage$11(243) - Załadowano do tabeli: 4 rekordów na stronie 0
2025-04-26 11:00:55.540 [JavaFX Application Thread] INFO 
				c.p.controller.ProjectController.loadPage(220) - Ładowanie strony: search4: , pageNo: 0, pageSize: 10, offset: 0
2025-04-26 11:00:55.542 [JavaFX Application Thread] INFO 
				c.p.controller.ProjectController.loadPage(236) - Wczytano wszystkie: 4 rekordów
2025-04-26 11:00:55.546 [JavaFX Application Thread] INFO 
				c.p.controller.ProjectController.lambda$loadPage$11(239) - Platform.runLater: Aktualizacja tabeli, rekordów: 4
2025-04-26 11:00:55.547 [JavaFX Application Thread] INFO 
				c.p.controller.ProjectController.updatePaginationButtons(264) - Aktualizacja przycisków: totalRows: 4, totalPages: 1, pageNo: 0, btnDalej: true, btnWstecz: true, lblPageInfo: Strona 1 z 1
2025-04-26 11:00:55.547 [JavaFX Application Thread] INFO 
				c.p.controller.ProjectController.lambda$loadPage$11(243) - Załadowano do tabeli: 4 rekordów na stronie 0
2025-04-26 11:00:57.196 [JavaFX Application Thread] INFO 
				c.p.controller.ProjectController.loadPage(220) - Ładowanie strony: search4: , pageNo: 0, pageSize: 10, offset: 0
2025-04-26 11:00:57.197 [JavaFX Application Thread] INFO 
				c.p.controller.ProjectController.loadPage(236) - Wczytano wszystkie: 4 rekordów
2025-04-26 11:00:57.199 [JavaFX Application Thread] INFO 
				c.p.controller.ProjectController.lambda$loadPage$11(239) - Platform.runLater: Aktualizacja tabeli, rekordów: 4
2025-04-26 11:00:57.200 [JavaFX Application Thread] INFO 
				c.p.controller.ProjectController.updatePaginationButtons(264) - Aktualizacja przycisków: totalRows: 4, totalPages: 1, pageNo: 0, btnDalej: true, btnWstecz: true, lblPageInfo: Strona 1 z 1
2025-04-26 11:00:57.200 [JavaFX Application Thread] INFO 
				c.p.controller.ProjectController.lambda$loadPage$11(243) - Załadowano do tabeli: 4 rekordów na stronie 0
2025-04-26 11:00:57.900 [JavaFX Application Thread] INFO 
				c.p.controller.ProjectController.onActionBtnSzukaj(164) - Wyszukiwanie: search4: , pageNo: 0
2025-04-26 11:00:57.901 [pool-2-thread-1] INFO 
				c.p.controller.ProjectController.loadPage(220) - Ładowanie strony: search4: , pageNo: 0, pageSize: 10, offset: 0
2025-04-26 11:00:57.901 [pool-2-thread-1] INFO 
				c.p.controller.ProjectController.loadPage(236) - Wczytano wszystkie: 4 rekordów
2025-04-26 11:00:57.902 [JavaFX Application Thread] INFO 
				c.p.controller.ProjectController.lambda$loadPage$11(239) - Platform.runLater: Aktualizacja tabeli, rekordów: 4
2025-04-26 11:00:57.902 [JavaFX Application Thread] INFO 
				c.p.controller.ProjectController.updatePaginationButtons(264) - Aktualizacja przycisków: totalRows: 4, totalPages: 1, pageNo: 0, btnDalej: true, btnWstecz: true, lblPageInfo: Strona 1 z 1
2025-04-26 11:00:57.902 [JavaFX Application Thread] INFO 
				c.p.controller.ProjectController.lambda$loadPage$11(243) - Załadowano do tabeli: 4 rekordów na stronie 0
2025-04-26 11:00:59.674 [JavaFX Application Thread] INFO 
				c.p.controller.ProjectController.lambda$initialize$1(79) - Zmiana pageSize na: 50, pageNo: 0
2025-04-26 11:00:59.674 [pool-2-thread-2] INFO 
				c.p.controller.ProjectController.loadPage(220) - Ładowanie strony: search4: , pageNo: 0, pageSize: 50, offset: 0
2025-04-26 11:00:59.676 [pool-2-thread-2] INFO 
				c.p.controller.ProjectController.loadPage(236) - Wczytano wszystkie: 4 rekordów
2025-04-26 11:00:59.678 [JavaFX Application Thread] INFO 
				c.p.controller.ProjectController.lambda$loadPage$11(239) - Platform.runLater: Aktualizacja tabeli, rekordów: 4
2025-04-26 11:00:59.680 [JavaFX Application Thread] INFO 
				c.p.controller.ProjectController.updatePaginationButtons(264) - Aktualizacja przycisków: totalRows: 4, totalPages: 1, pageNo: 0, btnDalej: true, btnWstecz: true, lblPageInfo: Strona 1 z 1
2025-04-26 11:00:59.680 [JavaFX Application Thread] INFO 
				c.p.controller.ProjectController.lambda$loadPage$11(243) - Załadowano do tabeli: 4 rekordów na stronie 0
2025-04-26 11:01:01.671 [JavaFX Application Thread] INFO 
				c.p.controller.ProjectController.lambda$initialize$1(79) - Zmiana pageSize na: 5, pageNo: 0
2025-04-26 11:01:01.671 [pool-2-thread-1] INFO 
				c.p.controller.ProjectController.loadPage(220) - Ładowanie strony: search4: , pageNo: 0, pageSize: 5, offset: 0
2025-04-26 11:01:01.672 [pool-2-thread-1] INFO 
				c.p.controller.ProjectController.loadPage(236) - Wczytano wszystkie: 4 rekordów
2025-04-26 11:01:01.674 [JavaFX Application Thread] INFO 
				c.p.controller.ProjectController.lambda$loadPage$11(239) - Platform.runLater: Aktualizacja tabeli, rekordów: 4
2025-04-26 11:01:01.675 [JavaFX Application Thread] INFO 
				c.p.controller.ProjectController.updatePaginationButtons(264) - Aktualizacja przycisków: totalRows: 4, totalPages: 1, pageNo: 0, btnDalej: true, btnWstecz: true, lblPageInfo: Strona 1 z 1
2025-04-26 11:01:01.675 [JavaFX Application Thread] INFO 
				c.p.controller.ProjectController.lambda$loadPage$11(243) - Załadowano do tabeli: 4 rekordów na stronie 0
2025-04-26 11:01:05.712 [JavaFX Application Thread] INFO 
				c.p.controller.ProjectController.onActionBtnSzukaj(164) - Wyszukiwanie: search4: 4, pageNo: 0
2025-04-26 11:01:05.713 [pool-2-thread-2] INFO 
				c.p.controller.ProjectController.loadPage(220) - Ładowanie strony: search4: 4, pageNo: 0, pageSize: 5, offset: 0
2025-04-26 11:01:05.714 [pool-2-thread-2] INFO 
				c.p.controller.ProjectController.loadPage(226) - Wyszukano po ID: 4
2025-04-26 11:01:05.714 [JavaFX Application Thread] INFO 
				c.p.controller.ProjectController.lambda$loadPage$11(239) - Platform.runLater: Aktualizacja tabeli, rekordów: 1
2025-04-26 11:01:05.716 [JavaFX Application Thread] INFO 
				c.p.controller.ProjectController.updatePaginationButtons(264) - Aktualizacja przycisków: totalRows: 0, totalPages: 0, pageNo: 0, btnDalej: true, btnWstecz: true, lblPageInfo: Brak rekordów
2025-04-26 11:01:05.717 [JavaFX Application Thread] INFO 
				c.p.controller.ProjectController.lambda$loadPage$11(243) - Załadowano do tabeli: 1 rekordów na stronie 0
2025-04-26 11:01:24.984 [JavaFX Application Thread] INFO 
				c.p.controller.ProjectController.loadPage(220) - Ładowanie strony: search4: 4, pageNo: 0, pageSize: 5, offset: 0
2025-04-26 11:01:24.986 [JavaFX Application Thread] INFO 
				c.p.controller.ProjectController.loadPage(226) - Wyszukano po ID: 4
2025-04-26 11:01:24.988 [JavaFX Application Thread] INFO 
				c.p.controller.ProjectController.lambda$loadPage$11(239) - Platform.runLater: Aktualizacja tabeli, rekordów: 1
2025-04-26 11:01:24.992 [JavaFX Application Thread] INFO 
				c.p.controller.ProjectController.updatePaginationButtons(264) - Aktualizacja przycisków: totalRows: 0, totalPages: 0, pageNo: 0, btnDalej: true, btnWstecz: true, lblPageInfo: Brak rekordów
2025-04-26 11:01:24.992 [JavaFX Application Thread] INFO 
				c.p.controller.ProjectController.lambda$loadPage$11(243) - Załadowano do tabeli: 1 rekordów na stronie 0
2025-04-26 11:01:32.061 [JavaFX Application Thread] INFO 
				c.p.controller.ProjectController.loadPage(220) - Ładowanie strony: search4: 4, pageNo: 0, pageSize: 5, offset: 0
2025-04-26 11:01:32.062 [JavaFX Application Thread] INFO 
				c.p.controller.ProjectController.loadPage(226) - Wyszukano po ID: 4
2025-04-26 11:01:32.063 [JavaFX Application Thread] INFO 
				c.p.controller.ProjectController.lambda$loadPage$11(239) - Platform.runLater: Aktualizacja tabeli, rekordów: 1
2025-04-26 11:01:32.065 [JavaFX Application Thread] INFO 
				c.p.controller.ProjectController.updatePaginationButtons(264) - Aktualizacja przycisków: totalRows: 0, totalPages: 0, pageNo: 0, btnDalej: true, btnWstecz: true, lblPageInfo: Brak rekordów
2025-04-26 11:01:32.065 [JavaFX Application Thread] INFO 
				c.p.controller.ProjectController.lambda$loadPage$11(243) - Załadowano do tabeli: 1 rekordów na stronie 0
2025-04-26 11:01:35.628 [JavaFX Application Thread] INFO 
				c.p.controller.ProjectController.loadPage(220) - Ładowanie strony: search4: 4, pageNo: 0, pageSize: 5, offset: 0
2025-04-26 11:01:35.629 [JavaFX Application Thread] INFO 
				c.p.controller.ProjectController.loadPage(226) - Wyszukano po ID: 4
2025-04-26 11:01:35.630 [JavaFX Application Thread] INFO 
				c.p.controller.ProjectController.lambda$loadPage$11(239) - Platform.runLater: Aktualizacja tabeli, rekordów: 1
2025-04-26 11:01:35.631 [JavaFX Application Thread] INFO 
				c.p.controller.ProjectController.updatePaginationButtons(264) - Aktualizacja przycisków: totalRows: 0, totalPages: 0, pageNo: 0, btnDalej: true, btnWstecz: true, lblPageInfo: Brak rekordów
2025-04-26 11:01:35.633 [JavaFX Application Thread] INFO 
				c.p.controller.ProjectController.lambda$loadPage$11(243) - Załadowano do tabeli: 1 rekordów na stronie 0
2025-04-26 11:05:12.796 [JavaFX Application Thread] INFO 
				c.p.controller.ProjectController.loadPage(220) - Ładowanie strony: search4: 4, pageNo: 0, pageSize: 5, offset: 0
2025-04-26 11:05:12.797 [JavaFX Application Thread] INFO 
				c.p.controller.ProjectController.loadPage(226) - Wyszukano po ID: 4
2025-04-26 11:05:12.797 [JavaFX Application Thread] INFO 
				c.p.controller.ProjectController.lambda$loadPage$11(239) - Platform.runLater: Aktualizacja tabeli, rekordów: 1
2025-04-26 11:05:12.799 [JavaFX Application Thread] INFO 
				c.p.controller.ProjectController.updatePaginationButtons(264) - Aktualizacja przycisków: totalRows: 0, totalPages: 0, pageNo: 0, btnDalej: true, btnWstecz: true, lblPageInfo: Brak rekordów
2025-04-26 11:05:12.799 [JavaFX Application Thread] INFO 
				c.p.controller.ProjectController.lambda$loadPage$11(243) - Załadowano do tabeli: 1 rekordów na stronie 0
